2021-08-26 20:36:03-log: [Package] menu@1.0.0 enable
2021-08-26 20:36:03-log: [Package] messages@1.0.0 enable
2021-08-26 20:36:03-log: [Package] device@1.0.1 enable
2021-08-26 20:36:03-log: [Package] tester@1.0.0 enable
2021-08-26 20:36:03-log: [Package] preferences@1.0.0 enable
2021-08-26 20:36:03-log: Setup mods mgr.: 280.287ms
2021-08-26 20:36:03-log: [Package] engine@1.0.5 enable
2021-08-26 20:36:06-log: [Package] programming@1.0.0 enable
2021-08-26 20:36:07-log: [Package] asset-db@1.0.0 enable
2021-08-26 20:36:07-log: [Package] console@1.0.0 enable
2021-08-26 20:36:07-log: [Package] scene@1.0.0 enable
2021-08-26 20:36:07-log: [Package] project@1.0.1 enable
2021-08-26 20:36:07-log: [Package] about@1.0.0 enable
2021-08-26 20:36:07-log: [Package] server@1.0.0 enable
2021-08-26 20:36:07-warn: Server: Port 7456 is occupied
2021-08-26 20:36:07-log: [Package] utils@1.0.0 enable
2021-08-26 20:36:07-log: [Package] assets@1.0.0 enable
2021-08-26 20:36:07-log: [Package] inspector@1.0.0 enable
2021-08-26 20:36:07-log: [Package] hierarchy@1.0.0 enable
2021-08-26 20:36:08-log: [Package] preview@1.0.1 enable
2021-08-26 20:36:08-log: [Package] animator@1.0.0 enable
2021-08-26 20:36:03-log: [Package] profile@1.0.0 enable
2021-08-26 20:36:03-log: [Package] program@1.0.0 enable
2021-08-26 20:36:03-log: [Package] ui-kit@1.0.0 enable
