debug: Thu, 26 Aug 2021 12:36:06 GMT
debug: Project: /Users/qinx/coding/cocos2dx/taxi
debug: Targets: editor,preview
debug: Incremental file seems great.
debug: Engine path: /Applications/CocosCreator/Creator/3.1.0/CocosCreator.app/Contents/Resources/resources/3d/engine
debug: Initializing target [Editor]
debug: Loading cache
debug: Loading cache costs 5.324845910072327ms.
debug: Engine features shipped in editor: base,gfx-webgl,gfx-webgl2,3d,2d,ui,particle,particle-2d,physics-framework,physics-2d-framework,intersection-2d,primitive,profiler,audio,video,terrain,webview,tween,tiled-map,spine,dragon-bones
debug: Initializing target [Preview]
debug: Loading cache
debug: Loading cache costs 4.07865297794342ms.
debug: Sync engine features: base,gfx-webgl,gfx-webgl2,3d,2d,ui,particle,physics-ammo,physics-2d-box2d,intersection-2d,primitive,profiler,particle-2d,audio,video,webview,tween,terrain,tiled-map,spine,dragon-bones
debug: Pulling asset-db.
debug: Fetch asset-db cost: 27.711645007133484ms.
debug: Build iteration starts.
Number of accumulated asset changes: 8
Feature changed: false
debug: Target(editor) build started.
debug: Detected change: cce:/internal/x/cc. Last mtime: Thu Jan 01 1970 08:00:05 GMT+0800 (中国标准时间), Current mtime: Thu Jan 01 1970 08:00:05 GMT+0800 (中国标准时间)
debug: Inspect cce:/internal/x/cc
debug: Resolve cce:/internal/x/cc-fu/base from cce:/internal/x/cc as external dependency cce:/internal/x/cc-fu/base.
debug: Resolve cce:/internal/x/cc-fu/gfx-webgl from cce:/internal/x/cc as external dependency cce:/internal/x/cc-fu/gfx-webgl.
debug: Resolve cce:/internal/x/cc-fu/gfx-webgl2 from cce:/internal/x/cc as external dependency cce:/internal/x/cc-fu/gfx-webgl2.
debug: Resolve cce:/internal/x/cc-fu/3d from cce:/internal/x/cc as external dependency cce:/internal/x/cc-fu/3d.
debug: Resolve cce:/internal/x/cc-fu/2d from cce:/internal/x/cc as external dependency cce:/internal/x/cc-fu/2d.
debug: Resolve cce:/internal/x/cc-fu/ui from cce:/internal/x/cc as external dependency cce:/internal/x/cc-fu/ui.
debug: Resolve cce:/internal/x/cc-fu/particle from cce:/internal/x/cc as external dependency cce:/internal/x/cc-fu/particle.
debug: Resolve cce:/internal/x/cc-fu/particle-2d from cce:/internal/x/cc as external dependency cce:/internal/x/cc-fu/particle-2d.
debug: Resolve cce:/internal/x/cc-fu/physics-framework from cce:/internal/x/cc as external dependency cce:/internal/x/cc-fu/physics-framework.
debug: Resolve cce:/internal/x/cc-fu/physics-2d-framework from cce:/internal/x/cc as external dependency cce:/internal/x/cc-fu/physics-2d-framework.
debug: Resolve cce:/internal/x/cc-fu/intersection-2d from cce:/internal/x/cc as external dependency cce:/internal/x/cc-fu/intersection-2d.
debug: Resolve cce:/internal/x/cc-fu/primitive from cce:/internal/x/cc as external dependency cce:/internal/x/cc-fu/primitive.
debug: Resolve cce:/internal/x/cc-fu/profiler from cce:/internal/x/cc as external dependency cce:/internal/x/cc-fu/profiler.
debug: Resolve cce:/internal/x/cc-fu/audio from cce:/internal/x/cc as external dependency cce:/internal/x/cc-fu/audio.
debug: Resolve cce:/internal/x/cc-fu/video from cce:/internal/x/cc as external dependency cce:/internal/x/cc-fu/video.
debug: Resolve cce:/internal/x/cc-fu/terrain from cce:/internal/x/cc as external dependency cce:/internal/x/cc-fu/terrain.
debug: Resolve cce:/internal/x/cc-fu/webview from cce:/internal/x/cc as external dependency cce:/internal/x/cc-fu/webview.
debug: Resolve cce:/internal/x/cc-fu/tween from cce:/internal/x/cc as external dependency cce:/internal/x/cc-fu/tween.
debug: Resolve cce:/internal/x/cc-fu/tiled-map from cce:/internal/x/cc as external dependency cce:/internal/x/cc-fu/tiled-map.
debug: Resolve cce:/internal/x/cc-fu/spine from cce:/internal/x/cc as external dependency cce:/internal/x/cc-fu/spine.
debug: Resolve cce:/internal/x/cc-fu/dragon-bones from cce:/internal/x/cc as external dependency cce:/internal/x/cc-fu/dragon-bones.
debug: Detected change: cce:/internal/x/prerequisite-imports. Last mtime: Thu Jan 01 1970 14:19:03 GMT+0800 (中国标准时间), Current mtime: Thu Jan 01 1970 08:00:11 GMT+0800 (中国标准时间)
debug: Inspect cce:/internal/x/prerequisite-imports
debug: Resolve file:///Users/qinx/coding/cocos2dx/taxi/assets/script/RoadPoint.ts from cce:/internal/x/prerequisite-imports as file:///Users/qinx/coding/cocos2dx/taxi/assets/script/RoadPoint.ts.
debug: Resolve file:///Users/qinx/coding/cocos2dx/taxi/assets/script/data/CustomEventListener.ts from cce:/internal/x/prerequisite-imports as file:///Users/qinx/coding/cocos2dx/taxi/assets/script/data/CustomEventListener.ts.
debug: Resolve file:///Users/qinx/coding/cocos2dx/taxi/assets/script/game/Car.ts from cce:/internal/x/prerequisite-imports as file:///Users/qinx/coding/cocos2dx/taxi/assets/script/game/Car.ts.
debug: Resolve file:///Users/qinx/coding/cocos2dx/taxi/assets/script/game/CarManager.ts from cce:/internal/x/prerequisite-imports as file:///Users/qinx/coding/cocos2dx/taxi/assets/script/game/CarManager.ts.
debug: Resolve file:///Users/qinx/coding/cocos2dx/taxi/assets/script/game/GameMap.ts from cce:/internal/x/prerequisite-imports as file:///Users/qinx/coding/cocos2dx/taxi/assets/script/game/GameMap.ts.
debug: Resolve file:///Users/qinx/coding/cocos2dx/taxi/assets/script/game/GameCtrl.ts from cce:/internal/x/prerequisite-imports as file:///Users/qinx/coding/cocos2dx/taxi/assets/script/game/GameCtrl.ts.
debug: Resolve file:///Users/qinx/coding/cocos2dx/taxi/assets/script/game/MapManager.ts from cce:/internal/x/prerequisite-imports as file:///Users/qinx/coding/cocos2dx/taxi/assets/script/game/MapManager.ts.
debug: Resolve file:///Users/qinx/coding/cocos2dx/taxi/assets/script/game/typescript.ts from cce:/internal/x/prerequisite-imports as file:///Users/qinx/coding/cocos2dx/taxi/assets/script/game/typescript.ts.
debug: Detected change: cce:/internal/code-quality/cr.mjs. Last mtime: Thu Aug 26 2021 14:13:18 GMT+0800 (中国标准时间), Current mtime: Thu Aug 26 2021 20:36:01 GMT+0800 (中国标准时间)
debug: Inspect cce:/internal/code-quality/cr.mjs
debug: Target(editor) ends with cost 88.87843406200409ms.
debug: Target(preview) build started.
debug: Detected change: cce:/internal/x/cc. Last mtime: Thu Jan 01 1970 08:00:05 GMT+0800 (中国标准时间), Current mtime: Thu Jan 01 1970 08:00:05 GMT+0800 (中国标准时间)
debug: Inspect cce:/internal/x/cc
debug: Resolve cce:/internal/x/cc-fu/base from cce:/internal/x/cc as external dependency cce:/internal/x/cc-fu/base.
debug: Resolve cce:/internal/x/cc-fu/gfx-webgl from cce:/internal/x/cc as external dependency cce:/internal/x/cc-fu/gfx-webgl.
debug: Resolve cce:/internal/x/cc-fu/gfx-webgl2 from cce:/internal/x/cc as external dependency cce:/internal/x/cc-fu/gfx-webgl2.
debug: Resolve cce:/internal/x/cc-fu/3d from cce:/internal/x/cc as external dependency cce:/internal/x/cc-fu/3d.
debug: Resolve cce:/internal/x/cc-fu/2d from cce:/internal/x/cc as external dependency cce:/internal/x/cc-fu/2d.
debug: Resolve cce:/internal/x/cc-fu/ui from cce:/internal/x/cc as external dependency cce:/internal/x/cc-fu/ui.
debug: Resolve cce:/internal/x/cc-fu/particle from cce:/internal/x/cc as external dependency cce:/internal/x/cc-fu/particle.
debug: Resolve cce:/internal/x/cc-fu/physics-ammo from cce:/internal/x/cc as external dependency cce:/internal/x/cc-fu/physics-ammo.
debug: Resolve cce:/internal/x/cc-fu/physics-framework from cce:/internal/x/cc as external dependency cce:/internal/x/cc-fu/physics-framework.
debug: Resolve cce:/internal/x/cc-fu/wait-for-ammo-instantiation from cce:/internal/x/cc as external dependency cce:/internal/x/cc-fu/wait-for-ammo-instantiation.
debug: Resolve cce:/internal/x/cc-fu/physics-2d-box2d from cce:/internal/x/cc as external dependency cce:/internal/x/cc-fu/physics-2d-box2d.
debug: Resolve cce:/internal/x/cc-fu/physics-2d-framework from cce:/internal/x/cc as external dependency cce:/internal/x/cc-fu/physics-2d-framework.
debug: Resolve cce:/internal/x/cc-fu/intersection-2d from cce:/internal/x/cc as external dependency cce:/internal/x/cc-fu/intersection-2d.
debug: Resolve cce:/internal/x/cc-fu/primitive from cce:/internal/x/cc as external dependency cce:/internal/x/cc-fu/primitive.
debug: Resolve cce:/internal/x/cc-fu/profiler from cce:/internal/x/cc as external dependency cce:/internal/x/cc-fu/profiler.
debug: Resolve cce:/internal/x/cc-fu/particle-2d from cce:/internal/x/cc as external dependency cce:/internal/x/cc-fu/particle-2d.
debug: Resolve cce:/internal/x/cc-fu/audio from cce:/internal/x/cc as external dependency cce:/internal/x/cc-fu/audio.
debug: Resolve cce:/internal/x/cc-fu/video from cce:/internal/x/cc as external dependency cce:/internal/x/cc-fu/video.
debug: Resolve cce:/internal/x/cc-fu/webview from cce:/internal/x/cc as external dependency cce:/internal/x/cc-fu/webview.
debug: Resolve cce:/internal/x/cc-fu/tween from cce:/internal/x/cc as external dependency cce:/internal/x/cc-fu/tween.
debug: Resolve cce:/internal/x/cc-fu/terrain from cce:/internal/x/cc as external dependency cce:/internal/x/cc-fu/terrain.
debug: Resolve cce:/internal/x/cc-fu/tiled-map from cce:/internal/x/cc as external dependency cce:/internal/x/cc-fu/tiled-map.
debug: Resolve cce:/internal/x/cc-fu/spine from cce:/internal/x/cc as external dependency cce:/internal/x/cc-fu/spine.
debug: Resolve cce:/internal/x/cc-fu/dragon-bones from cce:/internal/x/cc as external dependency cce:/internal/x/cc-fu/dragon-bones.
debug: Detected change: cce:/internal/x/prerequisite-imports. Last mtime: Thu Jan 01 1970 14:19:03 GMT+0800 (中国标准时间), Current mtime: Thu Jan 01 1970 08:00:11 GMT+0800 (中国标准时间)
debug: Inspect cce:/internal/x/prerequisite-imports
debug: Resolve file:///Users/qinx/coding/cocos2dx/taxi/assets/script/RoadPoint.ts from cce:/internal/x/prerequisite-imports as file:///Users/qinx/coding/cocos2dx/taxi/assets/script/RoadPoint.ts.
debug: Resolve file:///Users/qinx/coding/cocos2dx/taxi/assets/script/data/CustomEventListener.ts from cce:/internal/x/prerequisite-imports as file:///Users/qinx/coding/cocos2dx/taxi/assets/script/data/CustomEventListener.ts.
debug: Resolve file:///Users/qinx/coding/cocos2dx/taxi/assets/script/game/Car.ts from cce:/internal/x/prerequisite-imports as file:///Users/qinx/coding/cocos2dx/taxi/assets/script/game/Car.ts.
debug: Resolve file:///Users/qinx/coding/cocos2dx/taxi/assets/script/game/GameCtrl.ts from cce:/internal/x/prerequisite-imports as file:///Users/qinx/coding/cocos2dx/taxi/assets/script/game/GameCtrl.ts.
debug: Resolve file:///Users/qinx/coding/cocos2dx/taxi/assets/script/game/CarManager.ts from cce:/internal/x/prerequisite-imports as file:///Users/qinx/coding/cocos2dx/taxi/assets/script/game/CarManager.ts.
debug: Resolve file:///Users/qinx/coding/cocos2dx/taxi/assets/script/game/GameMap.ts from cce:/internal/x/prerequisite-imports as file:///Users/qinx/coding/cocos2dx/taxi/assets/script/game/GameMap.ts.
debug: Resolve file:///Users/qinx/coding/cocos2dx/taxi/assets/script/game/MapManager.ts from cce:/internal/x/prerequisite-imports as file:///Users/qinx/coding/cocos2dx/taxi/assets/script/game/MapManager.ts.
debug: Resolve file:///Users/qinx/coding/cocos2dx/taxi/assets/script/game/typescript.ts from cce:/internal/x/prerequisite-imports as file:///Users/qinx/coding/cocos2dx/taxi/assets/script/game/typescript.ts.
debug: Detected change: cce:/internal/code-quality/cr.mjs. Last mtime: Thu Aug 26 2021 14:13:18 GMT+0800 (中国标准时间), Current mtime: Thu Aug 26 2021 20:36:01 GMT+0800 (中国标准时间)
debug: Inspect cce:/internal/code-quality/cr.mjs
debug: Target(preview) ends with cost 74.98181200027466ms.
